<?xml version="1.0" encoding="UTF-8"?>
<testsuite xmlns:xsi="http://www.w3.org/2001/XMLSchema-instance" xsi:noNamespaceSchemaLocation="https://maven.apache.org/surefire/maven-surefire-plugin/xsd/surefire-test-report.xsd" name="com.SWEPJ.DatabaseManagerTest" time="0.032" tests="3" errors="0" skipped="3" failures="0">
  <properties>
[...]
</properties>
  <testcase name="testSingleAccess" classname="com.SWEPJ.DatabaseManagerTest" time="0">
    <skipped/>
  </testcase>
  <testcase name="testDualAccess" classname="com.SWEPJ.DatabaseManagerTest" time="0">
    <skipped/>
  </testcase>
  <testcase name="testUpdate" classname="com.SWEPJ.DatabaseManagerTest" time="0">
    <skipped/>
  </testcase>
</testsuite>